# JRE version: Java(TM) SE Runtime Environment (8.0_101-b13) (build 1.8.0_101-b13)
# Java VM: Java HotSpot(TM) 64-Bit Server VM (25.101-b13 mixed mode windows-amd64 compressed oops)
Heap:
 PSYoungGen      total 286208K, used 103489K [0x000000076af00000, 0x000000077dc00000, 0x00000007c0000000)
  eden space 267776K, 35% used [0x000000076af00000,0x0000000770b7a748,0x000000077b480000)
  from space 18432K, 47% used [0x000000077c600000,0x000000077ce96000,0x000000077d800000)
  to   space 17920K, 0% used [0x000000077b480000,0x000000077b480000,0x000000077c600000)
 ParOldGen       total 240128K, used 29802K [0x00000006c0c00000, 0x00000006cf680000, 0x000000076af00000)
  object space 240128K, 12% used [0x00000006c0c00000,0x00000006c291ab40,0x00000006cf680000)
 Metaspace       used 78269K, capacity 81850K, committed 82008K, reserved 1120256K
  class space    used 10629K, capacity 11295K, committed 11392K, reserved 1048576K
GC Heap History (10 events):
Event: 236.953 GC heap before
{Heap before GC invocations=15 (full 4):
 PSYoungGen      total 246272K, used 14445K [0x000000076af00000, 0x000000077b500000, 0x00000007c0000000)
  eden space 231424K, 0% used [0x000000076af00000,0x000000076af00000,0x0000000779100000)
  from space 14848K, 97% used [0x0000000779a80000,0x000000077a89b460,0x000000077a900000)
  to   space 12288K, 0% used [0x000000077a900000,0x000000077a900000,0x000000077b500000)
 ParOldGen       total 240128K, used 25418K [0x00000006c0c00000, 0x00000006cf680000, 0x000000076af00000)
  object space 240128K, 10% used [0x00000006c0c00000,0x00000006c24d2be8,0x00000006cf680000)
 Metaspace       used 76365K, capacity 79678K, committed 79960K, reserved 1118208K
  class space    used 10496K, capacity 11078K, committed 11136K, reserved 1048576K
Event: 237.113 GC heap after
Heap after GC invocations=15 (full 4):
 PSYoungGen      total 246272K, used 0K [0x000000076af00000, 0x000000077b500000, 0x00000007c0000000)
  eden space 231424K, 0% used [0x000000076af00000,0x000000076af00000,0x0000000779100000)
  from space 14848K, 0% used [0x0000000779a80000,0x0000000779a80000,0x000000077a900000)
  to   space 12288K, 0% used [0x000000077a900000,0x000000077a900000,0x000000077b500000)
 ParOldGen       total 240128K, used 31220K [0x00000006c0c00000, 0x00000006cf680000, 0x000000076af00000)
  object space 240128K, 13% used [0x00000006c0c00000,0x00000006c2a7d1d8,0x00000006cf680000)
 Metaspace       used 76365K, capacity 79678K, committed 79960K, reserved 1118208K
  class space    used 10496K, capacity 11078K, committed 11136K, reserved 1048576K
}
Event: 239.279 GC heap before
{Heap before GC invocations=16 (full 4):
 PSYoungGen      total 246272K, used 231424K [0x000000076af00000, 0x000000077b500000, 0x00000007c0000000)
  eden space 231424K, 100% used [0x000000076af00000,0x0000000779100000,0x0000000779100000)
  from space 14848K, 0% used [0x0000000779a80000,0x0000000779a80000,0x000000077a900000)
  to   space 12288K, 0% used [0x000000077a900000,0x000000077a900000,0x000000077b500000)
 ParOldGen       total 240128K, used 31220K [0x00000006c0c00000, 0x00000006cf680000, 0x000000076af00000)
  object space 240128K, 13% used [0x00000006c0c00000,0x00000006c2a7d1d8,0x00000006cf680000)
 Metaspace       used 77289K, capacity 80712K, committed 80856K, reserved 1118208K
  class space    used 10572K, capacity 11205K, committed 11264K, reserved 1048576K
Event: 239.290 GC heap after
Heap after GC invocations=16 (full 4):
 PSYoungGen      total 249856K, used 8608K [0x000000076af00000, 0x000000077d800000, 0x00000007c0000000)
  eden space 237568K, 0% used [0x000000076af00000,0x000000076af00000,0x0000000779700000)
  from space 12288K, 70% used [0x000000077a900000,0x000000077b168388,0x000000077b500000)
  to   space 18432K, 0% used [0x0000000779700000,0x0000000779700000,0x000000077a900000)
 ParOldGen       total 240128K, used 31228K [0x00000006c0c00000, 0x00000006cf680000, 0x000000076af00000)
  object space 240128K, 13% used [0x00000006c0c00000,0x00000006c2a7f1d8,0x00000006cf680000)
 Metaspace       used 77289K, capacity 80712K, committed 80856K, reserved 1118208K
  class space    used 10572K, capacity 11205K, committed 11264K, reserved 1048576K
}
Event: 265.887 GC heap before
{Heap before GC invocations=17 (full 4):
 PSYoungGen      total 249856K, used 122669K [0x000000076af00000, 0x000000077d800000, 0x00000007c0000000)
  eden space 237568K, 48% used [0x000000076af00000,0x0000000771e633a8,0x0000000779700000)
  from space 12288K, 70% used [0x000000077a900000,0x000000077b168388,0x000000077b500000)
  to   space 18432K, 0% used [0x0000000779700000,0x0000000779700000,0x000000077a900000)
 ParOldGen       total 240128K, used 31228K [0x00000006c0c00000, 0x00000006cf680000, 0x000000076af00000)
  object space 240128K, 13% used [0x00000006c0c00000,0x00000006c2a7f1d8,0x00000006cf680000)
 Metaspace       used 77400K, capacity 80942K, committed 81112K, reserved 1120256K
  class space    used 10576K, capacity 11211K, committed 11264K, reserved 1048576K
Event: 265.895 GC heap after
Heap after GC invocations=17 (full 4):
 PSYoungGen      total 256000K, used 4462K [0x000000076af00000, 0x000000077d800000, 0x00000007c0000000)
  eden space 237568K, 0% used [0x000000076af00000,0x000000076af00000,0x0000000779700000)
  from space 18432K, 24% used [0x0000000779700000,0x0000000779b5b9b0,0x000000077a900000)
  to   space 18432K, 0% used [0x000000077c600000,0x000000077c600000,0x000000077d800000)
 ParOldGen       total 240128K, used 31236K [0x00000006c0c00000, 0x00000006cf680000, 0x000000076af00000)
  object space 240128K, 13% used [0x00000006c0c00000,0x00000006c2a811d8,0x00000006cf680000)
 Metaspace       used 77400K, capacity 80942K, committed 81112K, reserved 1120256K
  class space    used 10576K, capacity 11211K, committed 11264K, reserved 1048576K
}
Event: 265.895 GC heap before
{Heap before GC invocations=18 (full 5):
 PSYoungGen      total 256000K, used 4462K [0x000000076af00000, 0x000000077d800000, 0x00000007c0000000)
  eden space 237568K, 0% used [0x000000076af00000,0x000000076af00000,0x0000000779700000)
  from space 18432K, 24% used [0x0000000779700000,0x0000000779b5b9b0,0x000000077a900000)
  to   space 18432K, 0% used [0x000000077c600000,0x000000077c600000,0x000000077d800000)
 ParOldGen       total 240128K, used 31236K [0x00000006c0c00000, 0x00000006cf680000, 0x000000076af00000)
  object space 240128K, 13% used [0x00000006c0c00000,0x00000006c2a811d8,0x00000006cf680000)
 Metaspace       used 77400K, capacity 80942K, committed 81112K, reserved 1120256K
  class space    used 10576K, capacity 11211K, committed 11264K, reserved 1048576K
Event: 266.113 GC heap after
Heap after GC invocations=18 (full 5):
 PSYoungGen      total 256000K, used 0K [0x000000076af00000, 0x000000077d800000, 0x00000007c0000000)
  eden space 237568K, 0% used [0x000000076af00000,0x000000076af00000,0x0000000779700000)
  from space 18432K, 0% used [0x0000000779700000,0x0000000779700000,0x000000077a900000)
  to   space 18432K, 0% used [0x000000077c600000,0x000000077c600000,0x000000077d800000)
 ParOldGen       total 240128K, used 29794K [0x00000006c0c00000, 0x00000006cf680000, 0x000000076af00000)
  object space 240128K, 12% used [0x00000006c0c00000,0x00000006c2918b40,0x00000006cf680000)
 Metaspace       used 77400K, capacity 80942K, committed 81112K, reserved 1120256K
  class space    used 10576K, capacity 11211K, committed 11264K, reserved 1048576K
}
Event: 268.209 GC heap before
{Heap before GC invocations=19 (full 5):
 PSYoungGen      total 256000K, used 237568K [0x000000076af00000, 0x000000077d800000, 0x00000007c0000000)
  eden space 237568K, 100% used [0x000000076af00000,0x0000000779700000,0x0000000779700000)
  from space 18432K, 0% used [0x0000000779700000,0x0000000779700000,0x000000077a900000)
  to   space 18432K, 0% used [0x000000077c600000,0x000000077c600000,0x000000077d800000)
 ParOldGen       total 240128K, used 29794K [0x00000006c0c00000, 0x00000006cf680000, 0x000000076af00000)
  object space 240128K, 12% used [0x00000006c0c00000,0x00000006c2918b40,0x00000006cf680000)
 Metaspace       used 78206K, capacity 81850K, committed 82008K, reserved 1120256K
  class space    used 10627K, capacity 11295K, committed 11392K, reserved 1048576K
Event: 268.226 GC heap after
Heap after GC invocations=19 (full 5):
 PSYoungGen      total 286208K, used 8792K [0x000000076af00000, 0x000000077dc00000, 0x00000007c0000000)
  eden space 267776K, 0% used [0x000000076af00000,0x000000076af00000,0x000000077b480000)
  from space 18432K, 47% used [0x000000077c600000,0x000000077ce96000,0x000000077d800000)
  to   space 17920K, 0% used [0x000000077b480000,0x000000077b480000,0x000000077c600000)
 ParOldGen       total 240128K, used 29802K [0x00000006c0c00000, 0x00000006cf680000, 0x000000076af00000)
  object space 240128K, 12% used [0x00000006c0c00000,0x00000006c291ab40,0x00000006cf680000)
 Metaspace       used 78206K, capacity 81850K, committed 82008K, reserved 1120256K
  class space    used 10627K, capacity 11295K, committed 11392K, reserved 1048576K
}

