# JRE version: Java(TM) SE Runtime Environment (8.0_101-b13) (build 1.8.0_101-b13)
# Java VM: Java HotSpot(TM) 64-Bit Server VM (25.101-b13 mixed mode windows-amd64 compressed oops)
Heap:
 PSYoungGen      total 385536K, used 103955K [0x000000076af00000, 0x0000000784a80000, 0x00000007c0000000)
  eden space 366080K, 23% used [0x000000076af00000,0x00000007701cc9d0,0x0000000781480000)
  from space 19456K, 98% used [0x0000000783780000,0x0000000784a382e8,0x0000000784a80000)
  to   space 22016K, 0% used [0x0000000781f80000,0x0000000781f80000,0x0000000783500000)
 ParOldGen       total 244736K, used 27785K [0x00000006c0c00000, 0x00000006cfb00000, 0x000000076af00000)
  object space 244736K, 11% used [0x00000006c0c00000,0x00000006c2722778,0x00000006cfb00000)
 Metaspace       used 72479K, capacity 75694K, committed 75864K, reserved 1114112K
  class space    used 10031K, capacity 10618K, committed 10624K, reserved 1048576K
GC Heap History (10 events):
Event: 3.483 GC heap before
{Heap before GC invocations=7 (full 2):
 PSYoungGen      total 272896K, used 10720K [0x000000076af00000, 0x000000077da00000, 0x00000007c0000000)
  eden space 262144K, 0% used [0x000000076af00000,0x000000076af00000,0x000000077af00000)
  from space 10752K, 99% used [0x000000077af00000,0x000000077b9780c0,0x000000077b980000)
  to   space 14336K, 0% used [0x000000077cc00000,0x000000077cc00000,0x000000077da00000)
 ParOldGen       total 106496K, used 9961K [0x00000006c0c00000, 0x00000006c7400000, 0x000000076af00000)
  object space 106496K, 9% used [0x00000006c0c00000,0x00000006c15ba428,0x00000006c7400000)
 Metaspace       used 33973K, capacity 35236K, committed 35416K, reserved 1079296K
  class space    used 4469K, capacity 4728K, committed 4736K, reserved 1048576K
Event: 3.534 GC heap after
Heap after GC invocations=7 (full 2):
 PSYoungGen      total 272896K, used 0K [0x000000076af00000, 0x000000077da00000, 0x00000007c0000000)
  eden space 262144K, 0% used [0x000000076af00000,0x000000076af00000,0x000000077af00000)
  from space 10752K, 0% used [0x000000077af00000,0x000000077af00000,0x000000077b980000)
  to   space 14336K, 0% used [0x000000077cc00000,0x000000077cc00000,0x000000077da00000)
 ParOldGen       total 174080K, used 17667K [0x00000006c0c00000, 0x00000006cb600000, 0x000000076af00000)
  object space 174080K, 10% used [0x00000006c0c00000,0x00000006c1d40fc0,0x00000006cb600000)
 Metaspace       used 33973K, capacity 35236K, committed 35416K, reserved 1079296K
  class space    used 4469K, capacity 4728K, committed 4736K, reserved 1048576K
}
Event: 5.946 GC heap before
{Heap before GC invocations=8 (full 2):
 PSYoungGen      total 272896K, used 262144K [0x000000076af00000, 0x000000077da00000, 0x00000007c0000000)
  eden space 262144K, 100% used [0x000000076af00000,0x000000077af00000,0x000000077af00000)
  from space 10752K, 0% used [0x000000077af00000,0x000000077af00000,0x000000077b980000)
  to   space 14336K, 0% used [0x000000077cc00000,0x000000077cc00000,0x000000077da00000)
 ParOldGen       total 174080K, used 17667K [0x00000006c0c00000, 0x00000006cb600000, 0x000000076af00000)
  object space 174080K, 10% used [0x00000006c0c00000,0x00000006c1d40fc0,0x00000006cb600000)
 Metaspace       used 48220K, capacity 50096K, committed 50392K, reserved 1093632K
  class space    used 6458K, capacity 6806K, committed 6912K, reserved 1048576K
Event: 5.974 GC heap after
Heap after GC invocations=8 (full 2):
 PSYoungGen      total 288256K, used 14305K [0x000000076af00000, 0x0000000783a80000, 0x00000007c0000000)
  eden space 273920K, 0% used [0x000000076af00000,0x000000076af00000,0x000000077ba80000)
  from space 14336K, 99% used [0x000000077cc00000,0x000000077d9f8680,0x000000077da00000)
  to   space 17920K, 0% used [0x000000077ba80000,0x000000077ba80000,0x000000077cc00000)
 ParOldGen       total 174080K, used 20594K [0x00000006c0c00000, 0x00000006cb600000, 0x000000076af00000)
  object space 174080K, 11% used [0x00000006c0c00000,0x00000006c201c970,0x00000006cb600000)
 Metaspace       used 48220K, capacity 50096K, committed 50392K, reserved 1093632K
  class space    used 6458K, capacity 6806K, committed 6912K, reserved 1048576K
}
Event: 6.976 GC heap before
{Heap before GC invocations=9 (full 2):
 PSYoungGen      total 288256K, used 103746K [0x000000076af00000, 0x0000000783a80000, 0x00000007c0000000)
  eden space 273920K, 32% used [0x000000076af00000,0x0000000770658530,0x000000077ba80000)
  from space 14336K, 99% used [0x000000077cc00000,0x000000077d9f8680,0x000000077da00000)
  to   space 17920K, 0% used [0x000000077ba80000,0x000000077ba80000,0x000000077cc00000)
 ParOldGen       total 174080K, used 20594K [0x00000006c0c00000, 0x00000006cb600000, 0x000000076af00000)
  object space 174080K, 11% used [0x00000006c0c00000,0x00000006c201c970,0x00000006cb600000)
 Metaspace       used 56776K, capacity 58684K, committed 59028K, reserved 1099776K
  class space    used 7858K, capacity 8184K, committed 8192K, reserved 1048576K
Event: 6.989 GC heap after
Heap after GC invocations=9 (full 2):
 PSYoungGen      total 291840K, used 16022K [0x000000076af00000, 0x0000000784a80000, 0x00000007c0000000)
  eden space 273920K, 0% used [0x000000076af00000,0x000000076af00000,0x000000077ba80000)
  from space 17920K, 89% used [0x000000077ba80000,0x000000077ca25948,0x000000077cc00000)
  to   space 19456K, 0% used [0x0000000783780000,0x0000000783780000,0x0000000784a80000)
 ParOldGen       total 174080K, used 20602K [0x00000006c0c00000, 0x00000006cb600000, 0x000000076af00000)
  object space 174080K, 11% used [0x00000006c0c00000,0x00000006c201e970,0x00000006cb600000)
 Metaspace       used 56776K, capacity 58684K, committed 59028K, reserved 1099776K
  class space    used 7858K, capacity 8184K, committed 8192K, reserved 1048576K
}
Event: 6.989 GC heap before
{Heap before GC invocations=10 (full 3):
 PSYoungGen      total 291840K, used 16022K [0x000000076af00000, 0x0000000784a80000, 0x00000007c0000000)
  eden space 273920K, 0% used [0x000000076af00000,0x000000076af00000,0x000000077ba80000)
  from space 17920K, 89% used [0x000000077ba80000,0x000000077ca25948,0x000000077cc00000)
  to   space 19456K, 0% used [0x0000000783780000,0x0000000783780000,0x0000000784a80000)
 ParOldGen       total 174080K, used 20602K [0x00000006c0c00000, 0x00000006cb600000, 0x000000076af00000)
  object space 174080K, 11% used [0x00000006c0c00000,0x00000006c201e970,0x00000006cb600000)
 Metaspace       used 56776K, capacity 58684K, committed 59028K, reserved 1099776K
  class space    used 7858K, capacity 8184K, committed 8192K, reserved 1048576K
Event: 7.105 GC heap after
Heap after GC invocations=10 (full 3):
 PSYoungGen      total 291840K, used 0K [0x000000076af00000, 0x0000000784a80000, 0x00000007c0000000)
  eden space 273920K, 0% used [0x000000076af00000,0x000000076af00000,0x000000077ba80000)
  from space 17920K, 0% used [0x000000077ba80000,0x000000077ba80000,0x000000077cc00000)
  to   space 19456K, 0% used [0x0000000783780000,0x0000000783780000,0x0000000784a80000)
 ParOldGen       total 244736K, used 27777K [0x00000006c0c00000, 0x00000006cfb00000, 0x000000076af00000)
  object space 244736K, 11% used [0x00000006c0c00000,0x00000006c2720778,0x00000006cfb00000)
 Metaspace       used 56776K, capacity 58684K, committed 59028K, reserved 1099776K
  class space    used 7858K, capacity 8184K, committed 8192K, reserved 1048576K
}
Event: 10.344 GC heap before
{Heap before GC invocations=11 (full 3):
 PSYoungGen      total 291840K, used 273920K [0x000000076af00000, 0x0000000784a80000, 0x00000007c0000000)
  eden space 273920K, 100% used [0x000000076af00000,0x000000077ba80000,0x000000077ba80000)
  from space 17920K, 0% used [0x000000077ba80000,0x000000077ba80000,0x000000077cc00000)
  to   space 19456K, 0% used [0x0000000783780000,0x0000000783780000,0x0000000784a80000)
 ParOldGen       total 244736K, used 27777K [0x00000006c0c00000, 0x00000006cfb00000, 0x000000076af00000)
  object space 244736K, 11% used [0x00000006c0c00000,0x00000006c2720778,0x00000006cfb00000)
 Metaspace       used 71435K, capacity 74456K, committed 74712K, reserved 1114112K
  class space    used 9872K, capacity 10402K, committed 10496K, reserved 1048576K
Event: 10.369 GC heap after
Heap after GC invocations=11 (full 3):
 PSYoungGen      total 385536K, used 19168K [0x000000076af00000, 0x0000000784a80000, 0x00000007c0000000)
  eden space 366080K, 0% used [0x000000076af00000,0x000000076af00000,0x0000000781480000)
  from space 19456K, 98% used [0x0000000783780000,0x0000000784a382e8,0x0000000784a80000)
  to   space 22016K, 0% used [0x0000000781f80000,0x0000000781f80000,0x0000000783500000)
 ParOldGen       total 244736K, used 27785K [0x00000006c0c00000, 0x00000006cfb00000, 0x000000076af00000)
  object space 244736K, 11% used [0x00000006c0c00000,0x00000006c2722778,0x00000006cfb00000)
 Metaspace       used 71435K, capacity 74456K, committed 74712K, reserved 1114112K
  class space    used 9872K, capacity 10402K, committed 10496K, reserved 1048576K
}

